<?xml version="1.0" encoding="UTF-8"?>
<beans>
    <bean name="helloWorldService" class="personal.wxh.spring.service.HelloWorldServiceImpl" />
    <bean name="xmlService" class="personal.wxh.spring.service.XmlAutowiredService">
        <property name="text" value="Im autowired by xml" />
    </bean>
    <bean name="refService" class="personal.wxh.spring.service.RefAutowiredService">
        <property name="xmlAutowiredService" ref="xmlService" />
    </bean>
</beans>